# JRE version: OpenJDK Runtime Environment (16.0.1+9) (build 16.0.1+9-24)
# Java VM: OpenJDK 64-Bit Server VM (16.0.1+9-24, mixed mode, tiered, compressed oops, compressed class ptrs, g1 gc, linux-amd64)
GC Precious Log:
 CPUs: 4 total, 4 available
 Memory: 3845M
 Large Page Support: Disabled
 NUMA Support: Disabled
 Compressed Oops: Enabled (32-bit)
 Heap Region Size: 1M
 Heap Min Capacity: 8M
 Heap Initial Capacity: 62M
 Heap Max Capacity: 962M
 Pre-touch: Disabled
 Parallel Workers: 4
 Concurrent Workers: 1
 Concurrent Refinement Workers: 4
 Periodic GC: Disabled
Heap:
 garbage-first heap   total 92160K, used 50088K [0x00000000c3e00000, 0x0000000100000000)
  region size 1024K, 30 young (30720K), 5 survivors (5120K)
 Metaspace       used 66611K, committed 67072K, reserved 1114112K
  class space    used 8855K, committed 9088K, reserved 1048576K
GC Heap History (20 events):
Event: 4,077 GC heap before
{Heap before GC invocations=16 (full 0):
 garbage-first heap   total 58368K, used 44357K [0x00000000c3e00000, 0x0000000100000000)
  region size 1024K, 34 young (34816K), 5 survivors (5120K)
 Metaspace       used 38167K, committed 38528K, reserved 1089536K
  class space    used 4752K, committed 4928K, reserved 1048576K
}
Event: 4,086 GC heap after
{Heap after GC invocations=17 (full 0):
 garbage-first heap   total 58368K, used 15877K [0x00000000c3e00000, 0x0000000100000000)
  region size 1024K, 3 young (3072K), 3 survivors (3072K)
 Metaspace       used 38167K, committed 38528K, reserved 1089536K
  class space    used 4752K, committed 4928K, reserved 1048576K
}
Event: 4,167 GC heap before
{Heap before GC invocations=17 (full 0):
 garbage-first heap   total 58368K, used 45573K [0x00000000c3e00000, 0x0000000100000000)
  region size 1024K, 33 young (33792K), 3 survivors (3072K)
 Metaspace       used 38756K, committed 39104K, reserved 1089536K
  class space    used 4802K, committed 4992K, reserved 1048576K
}
Event: 4,173 GC heap after
{Heap after GC invocations=18 (full 0):
 garbage-first heap   total 58368K, used 16093K [0x00000000c3e00000, 0x0000000100000000)
  region size 1024K, 3 young (3072K), 3 survivors (3072K)
 Metaspace       used 38756K, committed 39104K, reserved 1089536K
  class space    used 4802K, committed 4992K, reserved 1048576K
}
Event: 4,218 GC heap before
{Heap before GC invocations=18 (full 0):
 garbage-first heap   total 58368K, used 46813K [0x00000000c3e00000, 0x0000000100000000)
  region size 1024K, 34 young (34816K), 3 survivors (3072K)
 Metaspace       used 38999K, committed 39360K, reserved 1089536K
  class space    used 4827K, committed 4992K, reserved 1048576K
}
Event: 4,223 GC heap after
{Heap after GC invocations=19 (full 0):
 garbage-first heap   total 58368K, used 16268K [0x00000000c3e00000, 0x0000000100000000)
  region size 1024K, 3 young (3072K), 3 survivors (3072K)
 Metaspace       used 38999K, committed 39360K, reserved 1089536K
  class space    used 4827K, committed 4992K, reserved 1048576K
}
Event: 4,503 GC heap before
{Heap before GC invocations=19 (full 0):
 garbage-first heap   total 58368K, used 45964K [0x00000000c3e00000, 0x0000000100000000)
  region size 1024K, 33 young (33792K), 3 survivors (3072K)
 Metaspace       used 42121K, committed 42432K, reserved 1089536K
  class space    used 5154K, committed 5312K, reserved 1048576K
}
Event: 4,509 GC heap after
{Heap after GC invocations=20 (full 0):
 garbage-first heap   total 99328K, used 17358K [0x00000000c3e00000, 0x0000000100000000)
  region size 1024K, 4 young (4096K), 4 survivors (4096K)
 Metaspace       used 42121K, committed 42432K, reserved 1089536K
  class space    used 5154K, committed 5312K, reserved 1048576K
}
Event: 4,988 GC heap before
{Heap before GC invocations=20 (full 0):
 garbage-first heap   total 99328K, used 71630K [0x00000000c3e00000, 0x0000000100000000)
  region size 1024K, 58 young (59392K), 4 survivors (4096K)
 Metaspace       used 47369K, committed 47808K, reserved 1097728K
  class space    used 5934K, committed 6144K, reserved 1048576K
}
Event: 4,997 GC heap after
{Heap after GC invocations=21 (full 0):
 garbage-first heap   total 99328K, used 18469K [0x00000000c3e00000, 0x0000000100000000)
  region size 1024K, 5 young (5120K), 5 survivors (5120K)
 Metaspace       used 47369K, committed 47808K, reserved 1097728K
  class space    used 5934K, committed 6144K, reserved 1048576K
}
Event: 5,529 GC heap before
{Heap before GC invocations=21 (full 0):
 garbage-first heap   total 99328K, used 72741K [0x00000000c3e00000, 0x0000000100000000)
  region size 1024K, 58 young (59392K), 5 survivors (5120K)
 Metaspace       used 52802K, committed 53184K, reserved 1097728K
  class space    used 6786K, committed 6976K, reserved 1048576K
}
Event: 5,537 GC heap after
{Heap after GC invocations=22 (full 0):
 garbage-first heap   total 99328K, used 19454K [0x00000000c3e00000, 0x0000000100000000)
  region size 1024K, 4 young (4096K), 4 survivors (4096K)
 Metaspace       used 52802K, committed 53184K, reserved 1097728K
  class space    used 6786K, committed 6976K, reserved 1048576K
}
Event: 6,104 GC heap before
{Heap before GC invocations=22 (full 0):
 garbage-first heap   total 99328K, used 74750K [0x00000000c3e00000, 0x0000000100000000)
  region size 1024K, 58 young (59392K), 4 survivors (4096K)
 Metaspace       used 57632K, committed 57984K, reserved 1105920K
  class space    used 7569K, committed 7744K, reserved 1048576K
}
Event: 6,114 GC heap after
{Heap after GC invocations=23 (full 0):
 garbage-first heap   total 99328K, used 20823K [0x00000000c3e00000, 0x0000000100000000)
  region size 1024K, 6 young (6144K), 6 survivors (6144K)
 Metaspace       used 57632K, committed 57984K, reserved 1105920K
  class space    used 7569K, committed 7744K, reserved 1048576K
}
Event: 6,438 GC heap before
{Heap before GC invocations=23 (full 0):
 garbage-first heap   total 99328K, used 43351K [0x00000000c3e00000, 0x0000000100000000)
  region size 1024K, 29 young (29696K), 6 survivors (6144K)
 Metaspace       used 59304K, committed 59648K, reserved 1105920K
  class space    used 7819K, committed 8000K, reserved 1048576K
}
Event: 6,447 GC heap after
{Heap after GC invocations=24 (full 0):
 garbage-first heap   total 99328K, used 21781K [0x00000000c3e00000, 0x0000000100000000)
  region size 1024K, 5 young (5120K), 5 survivors (5120K)
 Metaspace       used 59304K, committed 59648K, reserved 1105920K
  class space    used 7819K, committed 8000K, reserved 1048576K
}
Event: 7,132 GC heap before
{Heap before GC invocations=25 (full 0):
 garbage-first heap   total 92160K, used 71957K [0x00000000c3e00000, 0x0000000100000000)
  region size 1024K, 54 young (55296K), 5 survivors (5120K)
 Metaspace       used 62617K, committed 62976K, reserved 1105920K
  class space    used 8331K, committed 8512K, reserved 1048576K
}
Event: 7,142 GC heap after
{Heap after GC invocations=26 (full 0):
 garbage-first heap   total 92160K, used 24174K [0x00000000c3e00000, 0x0000000100000000)
  region size 1024K, 6 young (6144K), 6 survivors (6144K)
 Metaspace       used 62617K, committed 62976K, reserved 1105920K
  class space    used 8331K, committed 8512K, reserved 1048576K
}
Event: 167,571 GC heap before
{Heap before GC invocations=27 (full 0):
 garbage-first heap   total 92160K, used 72302K [0x00000000c3e00000, 0x0000000100000000)
  region size 1024K, 54 young (55296K), 6 survivors (6144K)
 Metaspace       used 65901K, committed 66304K, reserved 1114112K
  class space    used 8763K, committed 8960K, reserved 1048576K
}
Event: 167,627 GC heap after
{Heap after GC invocations=28 (full 0):
 garbage-first heap   total 92160K, used 25512K [0x00000000c3e00000, 0x0000000100000000)
  region size 1024K, 5 young (5120K), 5 survivors (5120K)
 Metaspace       used 65901K, committed 66304K, reserved 1114112K
  class space    used 8763K, committed 8960K, reserved 1048576K
}

